c:\dev\cpp\university\courseworks\pacman\pacman\pacman\debug\vc143.pdb
c:\dev\cpp\university\courseworks\pacman\pacman\pacman\debug\vc143.idb
c:\dev\cpp\university\courseworks\pacman\pacman\pacman\debug\wall.obj
c:\dev\cpp\university\courseworks\pacman\pacman\pacman\debug\timer.obj
c:\dev\cpp\university\courseworks\pacman\pacman\pacman\debug\texture.obj
c:\dev\cpp\university\courseworks\pacman\pacman\pacman\debug\points.obj
c:\dev\cpp\university\courseworks\pacman\pacman\pacman\debug\player.obj
c:\dev\cpp\university\courseworks\pacman\pacman\pacman\debug\menu.obj
c:\dev\cpp\university\courseworks\pacman\pacman\pacman\debug\application.obj
c:\dev\cpp\university\courseworks\pacman\pacman\pacman\debug\init.obj
c:\dev\cpp\university\courseworks\pacman\pacman\pacman\debug\ghost.obj
c:\dev\cpp\university\courseworks\pacman\pacman\pacman\debug\file.obj
c:\dev\cpp\university\courseworks\pacman\pacman\pacman\debug\entity.obj
c:\dev\cpp\university\courseworks\pacman\pacman\pacman\debug\button.obj
c:\dev\cpp\university\courseworks\pacman\pacman\debug\pacman.pdb
c:\dev\cpp\university\courseworks\pacman\pacman\pacman\debug\pacman.tlog\cl.command.1.tlog
c:\dev\cpp\university\courseworks\pacman\pacman\pacman\debug\pacman.tlog\cl.read.1.tlog
c:\dev\cpp\university\courseworks\pacman\pacman\pacman\debug\pacman.tlog\cl.write.1.tlog
c:\dev\cpp\university\courseworks\pacman\pacman\pacman\debug\pacman.tlog\link-cvtres.read.1.tlog
c:\dev\cpp\university\courseworks\pacman\pacman\pacman\debug\pacman.tlog\link-cvtres.write.1.tlog
c:\dev\cpp\university\courseworks\pacman\pacman\pacman\debug\pacman.tlog\link-rc.read.1.tlog
c:\dev\cpp\university\courseworks\pacman\pacman\pacman\debug\pacman.tlog\link-rc.write.1.tlog
c:\dev\cpp\university\courseworks\pacman\pacman\pacman\debug\pacman.tlog\link.command.1.tlog
c:\dev\cpp\university\courseworks\pacman\pacman\pacman\debug\pacman.tlog\link.read.1.tlog
c:\dev\cpp\university\courseworks\pacman\pacman\pacman\debug\pacman.tlog\link.write.1.tlog
